2025-09-21 20:19:08,980 - db_helper - INFO - fetch_all_expense called with 2024-08-01
2025-09-22 11:01:47,140 - db_helper - INFO - fetch_all_expense called with 2024-08-01
2025-09-22 11:04:40,155 - db_helper - INFO - fetch_all_expense called with 2024-08-01
2025-09-22 11:06:06,496 - db_helper - INFO - fetch_all_expense called with 2024-08-01
2025-09-22 11:06:13,862 - db_helper - INFO - fetch_all_expense called with 2024-08-02
2025-09-22 11:06:17,621 - db_helper - INFO - fetch_all_expense called with 2024-08-02
2025-09-22 11:09:16,322 - db_helper - INFO - fetch_all_expense called with 2024-08-02
2025-09-22 11:18:46,955 - db_helper - INFO - fetch_all_expense called with 2024-08-02
2025-09-22 11:19:29,337 - db_helper - INFO - fetch_all_expense called with 2024-08-02
2025-09-22 11:19:35,061 - db_helper - INFO - fetch_all_expense called with 2024-08-01
2025-09-22 11:21:04,496 - db_helper - INFO - fetch_all_expense called with 2024-08-01
2025-09-22 11:21:30,680 - db_helper - INFO - fetch_all_expense called with 2024-08-01
2025-09-22 18:55:01,649 - db_helper - INFO - fetch_all_expense called with 2024-08-01
2025-09-22 19:27:59,095 - db_helper - INFO - fetch_all_expense called with 2024-08-01
2025-09-22 19:28:16,145 - db_helper - INFO - fetch_all_expense called with 2024-08-01
2025-09-22 20:09:12,280 - db_helper - INFO - fetch_all_expense called with 2024-08-01
2025-09-22 20:16:15,405 - db_helper - INFO - fetch_all_expense called with 2024-08-01
2025-09-22 20:29:26,892 - db_helper - INFO - fetch_all_expense called with 2024-08-01
2025-09-22 20:29:36,890 - db_helper - INFO - fetch_all_expense called with 2024-08-01
2025-09-22 20:46:31,635 - db_helper - INFO - fetch_all_expense called with 2024-08-01
2025-09-22 20:51:21,071 - db_helper - INFO - fetch_all_expense called with 2024-08-01
2025-09-22 20:51:21,092 - db_helper - INFO - fetch_all_expense called with 2024-08-01
2025-09-22 20:55:23,586 - db_helper - INFO - fetch_all_expense called with 2024-08-01
2025-09-22 20:55:23,605 - db_helper - INFO - fetch_all_expense called with 2024-08-01
2025-09-22 20:56:25,429 - db_helper - INFO - fetch_all_expense called with 2024-08-01
2025-09-22 20:56:25,450 - db_helper - INFO - fetch_all_expense called with 2024-08-01
2025-09-22 20:56:25,501 - db_helper - INFO - insert_expense called with expense_date:2024-08-01,amount:1227.0,category:Rent,notes:Monthly rent payment
2025-09-22 20:56:25,547 - db_helper - INFO - insert_expense called with expense_date:2024-08-01,amount:300.0,category:Food,notes:Groceries for the week
2025-09-22 20:56:25,563 - db_helper - INFO - insert_expense called with expense_date:2024-08-01,amount:1200.0,category:Rent,notes:Monthly rent payment
2025-09-22 20:56:25,578 - db_helper - INFO - insert_expense called with expense_date:2024-08-01,amount:200.0,category:Entertainment,notes:Went to movie
2025-09-22 20:56:32,988 - db_helper - INFO - fetch_all_expense called with 2024-08-01
2025-09-22 20:56:33,009 - db_helper - INFO - fetch_all_expense called with 2024-08-01
2025-09-22 20:57:45,815 - db_helper - INFO - fetch_all_expense called with 2024-08-01
2025-09-22 20:57:45,837 - db_helper - INFO - fetch_all_expense called with 2024-08-01
2025-09-22 21:02:30,474 - db_helper - INFO - fetch_all_expense called with 2024-08-01
2025-09-22 21:02:30,493 - db_helper - INFO - fetch_all_expense called with 2024-08-01
2025-09-22 21:02:51,715 - db_helper - INFO - fetch_all_expense called with 2024-08-01
2025-09-22 21:02:51,736 - db_helper - INFO - fetch_all_expense called with 2024-08-01
2025-09-22 21:02:51,768 - db_helper - INFO - insert_expense called with expense_date:2024-08-01,amount:200.0,category:Food,notes:Ate DBC ice cream
2025-09-22 21:03:03,286 - db_helper - INFO - fetch_all_expense called with 2024-08-01
2025-09-22 21:03:03,306 - db_helper - INFO - fetch_all_expense called with 2024-08-01
2025-09-22 21:03:03,341 - db_helper - INFO - insert_expense called with expense_date:2024-08-01,amount:200.0,category:Food,notes:Ate DBC ice cream
2025-09-22 21:06:56,354 - db_helper - INFO - fetch_all_expense called with 2024-08-01
2025-09-22 21:06:56,369 - db_helper - INFO - fetch_all_expense called with 2024-08-01
2025-09-22 21:07:25,706 - db_helper - INFO - fetch_all_expense called with 2024-08-01
2025-09-22 21:07:25,723 - db_helper - INFO - fetch_all_expense called with 2024-08-01
2025-09-22 21:07:25,756 - db_helper - INFO - insert_expense called with expense_date:2024-08-01,amount:20.0,category:Food,notes:Ate samosa
2025-09-22 21:09:38,319 - db_helper - INFO - fetch_all_expense called with 2024-08-01
2025-09-22 21:09:38,342 - db_helper - INFO - fetch_all_expense called with 2024-08-01
2025-09-22 21:09:46,203 - db_helper - INFO - fetch_all_expense called with 2024-08-01
2025-09-22 21:09:46,216 - db_helper - INFO - fetch_all_expense called with 2024-08-01
2025-09-22 21:09:46,245 - db_helper - INFO - insert_expense called with expense_date:2024-08-01,amount:20.0,category:Food,notes:Ate samosa
2025-09-22 21:10:36,617 - db_helper - INFO - fetch_all_expense called with 2024-08-01
2025-09-22 21:10:36,636 - db_helper - INFO - fetch_all_expense called with 2024-08-01
2025-09-22 21:10:39,960 - db_helper - INFO - fetch_all_expense called with 2024-08-01
2025-09-22 21:10:39,976 - db_helper - INFO - fetch_all_expense called with 2024-08-01
2025-09-22 21:10:40,006 - db_helper - INFO - insert_expense called with expense_date:2024-08-01,amount:20.0,category:Food,notes:Ate samosa
2025-09-22 21:10:40,060 - db_helper - INFO - fetch_all_expense called with 2024-08-01
2025-09-22 21:10:40,077 - db_helper - INFO - fetch_all_expense called with 2024-08-01
2025-09-22 21:10:53,442 - db_helper - INFO - fetch_all_expense called with 2024-08-01
2025-09-22 21:10:53,461 - db_helper - INFO - fetch_all_expense called with 2024-08-01
2025-09-22 21:10:53,503 - db_helper - INFO - insert_expense called with expense_date:2024-08-01,amount:20.0,category:Food,notes:Ate samosa
2025-09-22 21:10:53,553 - db_helper - INFO - fetch_all_expense called with 2024-08-01
2025-09-22 21:10:53,570 - db_helper - INFO - fetch_all_expense called with 2024-08-01
2025-09-22 21:12:40,054 - db_helper - INFO - fetch_all_expense called with 2024-08-01
2025-09-22 21:12:40,074 - db_helper - INFO - fetch_all_expense called with 2024-08-01
2025-09-22 21:12:42,005 - db_helper - INFO - fetch_all_expense called with 2024-08-01
2025-09-22 21:12:42,021 - db_helper - INFO - fetch_all_expense called with 2024-08-01
2025-09-22 21:12:42,045 - db_helper - INFO - insert_expense called with expense_date:2024-08-01,amount:20.0,category:Food,notes:Ate samosa
2025-09-22 21:21:02,645 - db_helper - INFO - fetch_all_expense called with 2024-08-01
2025-09-22 21:21:02,670 - db_helper - INFO - fetch_all_expense called with 2024-08-01
2025-09-22 21:21:02,708 - db_helper - INFO - fetch_all_expense called with 2024-08-01
2025-09-22 21:23:04,143 - db_helper - INFO - fetch_all_expense called with 2024-08-01
2025-09-22 21:23:04,169 - db_helper - INFO - fetch_all_expense called with 2024-08-01
2025-09-22 21:23:04,205 - db_helper - INFO - fetch_all_expense called with 2024-08-01
2025-09-22 21:38:09,674 - db_helper - INFO - fetch_all_expense called with 2024-08-01
2025-09-22 21:38:09,698 - db_helper - INFO - fetch_all_expense called with 2024-08-01
2025-09-22 21:38:09,734 - db_helper - INFO - fetch_all_expense called with 2024-08-01
2025-09-22 21:41:12,961 - db_helper - INFO - fetch_all_expense called with 2024-08-01
2025-09-22 21:41:12,977 - db_helper - INFO - fetch_all_expense called with 2024-08-01
2025-09-22 21:41:13,003 - db_helper - INFO - fetch_all_expense called with 2024-08-01
2025-09-22 21:41:32,464 - db_helper - INFO - fetch_all_expense called with 2024-08-01
2025-09-22 21:41:32,480 - db_helper - INFO - fetch_all_expense called with 2024-08-01
2025-09-22 21:41:32,505 - db_helper - INFO - fetch_all_expense called with 2024-08-01
2025-09-22 21:44:12,901 - db_helper - INFO - fetch_all_expense called with 2024-08-01
2025-09-22 21:44:12,969 - db_helper - INFO - fetch_all_expense called with 2024-08-01
2025-09-22 21:44:13,003 - db_helper - INFO - fetch_all_expense called with 2024-08-01
2025-09-22 21:46:18,558 - db_helper - INFO - fetch_all_expense called with 2024-08-01
2025-09-22 21:46:18,578 - db_helper - INFO - fetch_all_expense called with 2024-08-01
2025-09-22 21:46:18,608 - db_helper - INFO - fetch_all_expense called with 2024-08-01
2025-09-22 21:46:42,291 - db_helper - INFO - fetch_all_expense called with 2024-08-01
2025-09-22 21:46:42,307 - db_helper - INFO - fetch_all_expense called with 2024-08-01
2025-09-22 21:46:42,343 - db_helper - INFO - fetch_all_expense called with 2024-08-01
2025-09-22 21:47:02,237 - db_helper - INFO - fetch_all_expense called with 2024-08-01
2025-09-22 21:47:02,255 - db_helper - INFO - fetch_all_expense called with 2024-08-01
2025-09-22 21:47:02,295 - db_helper - INFO - fetch_all_expense called with 2024-08-01
2025-09-22 21:49:42,582 - db_helper - INFO - fetch_all_expense called with 2024-08-01
2025-09-22 21:49:42,600 - db_helper - INFO - fetch_all_expense called with 2024-08-01
2025-09-22 21:49:42,628 - db_helper - INFO - fetch_all_expense called with 2024-08-01
2025-09-22 21:49:55,279 - db_helper - INFO - fetch_all_expense called with 2024-08-01
2025-09-22 21:49:55,295 - db_helper - INFO - fetch_all_expense called with 2024-08-01
2025-09-22 21:49:55,336 - db_helper - INFO - fetch_all_expense called with 2024-08-01
2025-09-22 21:50:02,097 - db_helper - INFO - fetch_all_expense called with 2024-08-01
2025-09-22 21:50:02,115 - db_helper - INFO - fetch_all_expense called with 2024-08-01
2025-09-22 21:50:02,150 - db_helper - INFO - fetch_all_expense called with 2024-08-01
2025-09-22 21:50:02,393 - db_helper - INFO - fetch_all_expense called with 2024-08-01
2025-09-22 21:50:02,410 - db_helper - INFO - fetch_all_expense called with 2024-08-01
2025-09-22 21:50:02,464 - db_helper - INFO - fetch_all_expense called with 2024-08-01
2025-09-22 21:54:44,501 - db_helper - INFO - fetch_all_expense called with 2024-08-01
2025-09-22 21:54:44,534 - db_helper - INFO - fetch_all_expense called with 2024-08-01
2025-09-22 21:54:44,560 - db_helper - INFO - fetch_all_expense called with 2024-08-01
2025-09-22 21:54:56,183 - db_helper - INFO - fetch_all_expense called with 2024-08-01
2025-09-22 21:54:56,199 - db_helper - INFO - fetch_all_expense called with 2024-08-01
2025-09-22 21:54:56,234 - db_helper - INFO - fetch_all_expense called with 2024-08-01
2025-09-22 21:55:05,747 - db_helper - INFO - fetch_all_expense called with 2024-08-01
2025-09-22 21:55:05,768 - db_helper - INFO - fetch_all_expense called with 2024-08-01
2025-09-22 21:55:05,809 - db_helper - INFO - fetch_all_expense called with 2024-08-01
2025-09-22 21:55:06,036 - db_helper - INFO - fetch_all_expense called with 2024-08-01
2025-09-22 21:55:06,060 - db_helper - INFO - fetch_all_expense called with 2024-08-01
2025-09-22 21:55:06,106 - db_helper - INFO - fetch_all_expense called with 2024-08-01
2025-09-22 21:55:12,885 - db_helper - INFO - fetch_all_expense called with 2024-08-01
2025-09-22 21:55:12,905 - db_helper - INFO - fetch_all_expense called with 2024-08-01
2025-09-22 21:55:12,941 - db_helper - INFO - fetch_all_expense called with 2024-08-01
2025-09-22 21:55:14,249 - db_helper - INFO - fetch_all_expense called with 2024-08-01
2025-09-22 21:55:14,268 - db_helper - INFO - fetch_all_expense called with 2024-08-01
2025-09-22 21:55:14,304 - db_helper - INFO - fetch_all_expense called with 2024-08-01
2025-09-22 21:59:01,882 - db_helper - INFO - fetch_all_expense called with 2024-08-01
2025-09-22 21:59:01,908 - db_helper - INFO - fetch_all_expense called with 2024-08-01
2025-09-22 21:59:01,946 - db_helper - INFO - fetch_all_expense called with 2024-08-01
2025-09-22 21:59:02,144 - db_helper - INFO - update_for_date_expense called with expense_date:2024-08-01
2025-09-22 22:03:17,107 - db_helper - INFO - fetch_all_expense called with 2024-08-01
2025-09-22 22:03:17,127 - db_helper - INFO - fetch_all_expense called with 2024-08-01
2025-09-22 22:03:17,155 - db_helper - INFO - fetch_all_expense called with 2024-08-01
2025-09-22 22:03:25,255 - db_helper - INFO - fetch_all_expense called with 2024-08-01
2025-09-22 22:03:25,272 - db_helper - INFO - fetch_all_expense called with 2024-08-01
2025-09-22 22:03:25,308 - db_helper - INFO - fetch_all_expense called with 2024-08-01
2025-09-22 22:03:25,482 - db_helper - INFO - update_for_date_expense called with expense_date:2024-08-01
2025-09-22 22:10:25,273 - db_helper - INFO - fetch_all_expense called with 2024-08-01
2025-09-22 22:10:25,292 - db_helper - INFO - fetch_all_expense called with 2024-08-01
2025-09-22 22:10:25,321 - db_helper - INFO - fetch_all_expense called with 2024-08-01
2025-09-22 22:10:35,603 - db_helper - INFO - fetch_all_expense called with 2024-08-01
2025-09-22 22:10:35,624 - db_helper - INFO - fetch_all_expense called with 2024-08-01
2025-09-22 22:10:35,664 - db_helper - INFO - fetch_all_expense called with 2024-08-01
2025-09-22 22:10:35,874 - db_helper - INFO - fetch_all_expense called with 2024-08-01
2025-09-22 22:10:35,889 - db_helper - INFO - fetch_all_expense called with 2024-08-01
2025-09-22 22:10:35,930 - db_helper - INFO - fetch_all_expense called with 2024-08-01
2025-09-22 22:10:36,154 - db_helper - INFO - update_for_date_expense called with expense_date:2024-08-01
2025-09-22 22:11:11,217 - db_helper - INFO - fetch_all_expense called with 2024-08-01
2025-09-22 22:11:11,232 - db_helper - INFO - fetch_all_expense called with 2024-08-01
2025-09-22 22:11:11,266 - db_helper - INFO - fetch_all_expense called with 2024-08-01
2025-09-22 22:14:50,168 - db_helper - INFO - fetch_all_expense called with 2024-08-01
2025-09-22 22:14:50,203 - db_helper - INFO - fetch_all_expense called with 2024-08-01
2025-09-22 22:14:50,238 - db_helper - INFO - fetch_all_expense called with 2024-08-01
2025-09-22 22:14:50,456 - db_helper - INFO - fetch_all_expense called with 2024-08-01
2025-09-22 22:14:57,293 - db_helper - INFO - fetch_all_expense called with 2024-08-01
2025-09-22 22:14:57,310 - db_helper - INFO - fetch_all_expense called with 2024-08-01
2025-09-22 22:14:57,352 - db_helper - INFO - fetch_all_expense called with 2024-08-01
2025-09-22 22:14:57,536 - db_helper - INFO - fetch_all_expense called with 2024-08-01
2025-09-22 22:14:57,605 - db_helper - INFO - delete_individual_expense called with expense_id:93
2025-09-22 22:20:54,586 - db_helper - INFO - fetch_all_expense called with 2024-08-01
2025-09-22 22:20:54,608 - db_helper - INFO - fetch_all_expense called with 2024-08-01
2025-09-22 22:20:54,633 - db_helper - INFO - fetch_all_expense called with 2024-08-01
2025-09-22 22:20:54,762 - db_helper - INFO - fetch_all_expense called with 2024-08-01
2025-09-22 22:21:00,501 - db_helper - INFO - fetch_all_expense called with 2024-08-01
2025-09-22 22:21:00,523 - db_helper - INFO - fetch_all_expense called with 2024-08-01
2025-09-22 22:21:00,565 - db_helper - INFO - fetch_all_expense called with 2024-08-01
2025-09-22 22:21:00,770 - db_helper - INFO - fetch_all_expense called with 2024-08-01
2025-09-22 22:21:00,821 - db_helper - INFO - delete_individual_expense called with expense_id:92
2025-09-22 22:21:22,825 - db_helper - INFO - fetch_all_expense called with 2024-08-01
2025-09-22 22:21:22,844 - db_helper - INFO - fetch_all_expense called with 2024-08-01
2025-09-22 22:21:22,886 - db_helper - INFO - fetch_all_expense called with 2024-08-01
2025-09-22 22:21:23,087 - db_helper - INFO - fetch_all_expense called with 2024-08-01
2025-09-22 22:21:23,151 - db_helper - INFO - delete_individual_expense called with expense_id:91
2025-09-22 22:21:39,539 - db_helper - INFO - fetch_all_expense called with 2024-08-01
2025-09-22 22:21:39,557 - db_helper - INFO - fetch_all_expense called with 2024-08-01
2025-09-22 22:21:39,605 - db_helper - INFO - fetch_all_expense called with 2024-08-01
2025-09-22 22:21:39,794 - db_helper - INFO - fetch_all_expense called with 2024-08-01
2025-09-22 22:21:41,159 - db_helper - INFO - fetch_all_expense called with 2024-08-01
2025-09-22 22:21:41,183 - db_helper - INFO - fetch_all_expense called with 2024-08-01
2025-09-22 22:21:41,221 - db_helper - INFO - fetch_all_expense called with 2024-08-01
2025-09-22 22:21:41,418 - db_helper - INFO - fetch_all_expense called with 2024-08-01
2025-09-22 22:21:41,486 - db_helper - INFO - delete_individual_expense called with expense_id:90
2025-09-22 22:21:43,373 - db_helper - INFO - fetch_all_expense called with 2024-08-01
2025-09-22 22:21:43,392 - db_helper - INFO - fetch_all_expense called with 2024-08-01
2025-09-22 22:21:43,435 - db_helper - INFO - fetch_all_expense called with 2024-08-01
2025-09-22 22:21:43,633 - db_helper - INFO - fetch_all_expense called with 2024-08-01
2025-09-22 22:21:43,713 - db_helper - INFO - delete_individual_expense called with expense_id:89
2025-09-22 22:21:46,666 - db_helper - INFO - fetch_all_expense called with 2024-08-01
2025-09-22 22:21:46,684 - db_helper - INFO - fetch_all_expense called with 2024-08-01
2025-09-22 22:21:46,729 - db_helper - INFO - fetch_all_expense called with 2024-08-01
2025-09-22 22:21:46,915 - db_helper - INFO - fetch_all_expense called with 2024-08-01
2025-09-22 22:21:46,962 - db_helper - INFO - delete_individual_expense called with expense_id:88
2025-09-22 22:21:49,687 - db_helper - INFO - fetch_all_expense called with 2024-08-01
2025-09-22 22:21:49,709 - db_helper - INFO - fetch_all_expense called with 2024-08-01
2025-09-22 22:21:49,754 - db_helper - INFO - fetch_all_expense called with 2024-08-01
2025-09-22 22:21:49,952 - db_helper - INFO - fetch_all_expense called with 2024-08-01
2025-09-22 22:21:51,937 - db_helper - INFO - fetch_all_expense called with 2024-08-01
2025-09-22 22:21:51,955 - db_helper - INFO - fetch_all_expense called with 2024-08-01
2025-09-22 22:21:51,997 - db_helper - INFO - fetch_all_expense called with 2024-08-01
2025-09-22 22:21:52,177 - db_helper - INFO - fetch_all_expense called with 2024-08-01
2025-09-22 22:21:52,235 - db_helper - INFO - delete_individual_expense called with expense_id:87
2025-09-22 22:21:55,165 - db_helper - INFO - fetch_all_expense called with 2024-08-01
2025-09-22 22:21:55,185 - db_helper - INFO - fetch_all_expense called with 2024-08-01
2025-09-22 22:21:55,223 - db_helper - INFO - fetch_all_expense called with 2024-08-01
2025-09-22 22:21:55,436 - db_helper - INFO - fetch_all_expense called with 2024-08-01
2025-09-22 22:21:55,494 - db_helper - INFO - delete_individual_expense called with expense_id:86
2025-09-22 22:22:56,613 - db_helper - INFO - fetch_all_expense called with 2024-08-28
2025-09-22 22:22:56,632 - db_helper - INFO - fetch_all_expense called with 2024-08-01
2025-09-22 22:22:56,671 - db_helper - INFO - fetch_all_expense called with 2024-08-01
2025-09-22 22:22:56,871 - db_helper - INFO - fetch_all_expense called with 2024-08-01
2025-09-22 22:23:04,126 - db_helper - INFO - fetch_all_expense called with 2024-08-28
2025-09-22 22:23:04,140 - db_helper - INFO - fetch_all_expense called with 2024-08-28
2025-09-22 22:23:04,178 - db_helper - INFO - fetch_all_expense called with 2024-08-01
2025-09-22 22:23:04,354 - db_helper - INFO - fetch_all_expense called with 2024-08-01
2025-09-22 22:23:08,738 - db_helper - INFO - fetch_all_expense called with 2024-08-28
2025-09-22 22:23:08,759 - db_helper - INFO - fetch_all_expense called with 2024-08-28
2025-09-22 22:23:08,803 - db_helper - INFO - fetch_all_expense called with 2024-08-01
2025-09-22 22:23:09,006 - db_helper - INFO - fetch_all_expense called with 2024-08-01
2025-09-22 22:23:32,507 - db_helper - INFO - fetch_all_expense called with 2024-08-28
2025-09-22 22:23:32,526 - db_helper - INFO - fetch_all_expense called with 2024-08-28
2025-09-22 22:23:32,575 - db_helper - INFO - insert_expense called with expense_date:2024-08-28,amount:200.0,category:Food,notes:Ate DBC ice cream
2025-09-22 22:23:32,598 - db_helper - INFO - fetch_all_expense called with 2024-08-01
2025-09-22 22:23:32,789 - db_helper - INFO - fetch_all_expense called with 2024-08-01
2025-09-22 22:23:41,131 - db_helper - INFO - fetch_all_expense called with 2024-08-28
2025-09-22 22:23:41,149 - db_helper - INFO - fetch_all_expense called with 2024-08-28
2025-09-22 22:23:41,204 - db_helper - INFO - fetch_all_expense called with 2024-08-01
2025-09-22 22:23:41,428 - db_helper - INFO - fetch_all_expense called with 2024-08-28
2025-09-22 22:23:43,162 - db_helper - INFO - fetch_all_expense called with 2024-08-28
2025-09-22 22:23:43,184 - db_helper - INFO - fetch_all_expense called with 2024-08-28
2025-09-22 22:23:43,236 - db_helper - INFO - fetch_all_expense called with 2024-08-01
2025-09-22 22:23:43,472 - db_helper - INFO - fetch_all_expense called with 2024-08-28
2025-09-22 22:23:43,504 - db_helper - INFO - delete_for_date_expense called with 2024-08-28
2025-09-22 22:23:54,097 - db_helper - INFO - fetch_all_expense called with 2024-08-28
2025-09-22 22:23:54,126 - db_helper - INFO - fetch_all_expense called with 2024-08-28
2025-09-22 22:23:54,171 - db_helper - INFO - fetch_all_expense called with 2024-08-01
2025-09-22 22:23:54,383 - db_helper - INFO - fetch_all_expense called with 2024-08-28
2025-09-22 22:24:10,717 - db_helper - INFO - fetch_all_expense called with 2024-08-28
2025-09-22 22:24:10,732 - db_helper - INFO - fetch_all_expense called with 2024-08-28
2025-09-22 22:24:10,776 - db_helper - INFO - fetch_all_expense called with 2024-08-28
2025-09-22 22:24:10,790 - db_helper - INFO - fetch_all_expense called with 2024-08-28
2025-09-22 22:27:59,939 - db_helper - INFO - fetch_all_expense called with 2024-08-28
2025-09-22 22:27:59,953 - db_helper - INFO - fetch_all_expense called with 2024-08-28
2025-09-22 22:27:59,977 - db_helper - INFO - fetch_all_expense called with 2024-08-28
2025-09-22 22:27:59,991 - db_helper - INFO - fetch_all_expense called with 2024-08-01
2025-09-22 22:28:55,884 - db_helper - INFO - fetch_all_expense called with 2024-08-28
2025-09-22 22:28:55,900 - db_helper - INFO - fetch_all_expense called with 2024-08-28
2025-09-22 22:28:55,924 - db_helper - INFO - fetch_all_expense called with 2024-08-28
2025-09-22 22:28:55,936 - db_helper - INFO - fetch_all_expense called with 2024-08-01
2025-09-22 22:29:06,713 - db_helper - INFO - fetch_all_expense called with 2024-08-28
2025-09-22 22:29:06,730 - db_helper - INFO - fetch_all_expense called with 2024-08-28
2025-09-22 22:29:06,760 - db_helper - INFO - fetch_all_expense called with 2024-08-01
2025-09-22 22:29:06,970 - db_helper - INFO - fetch_all_expense called with 2024-08-01
2025-09-22 22:31:16,257 - db_helper - INFO - fetch_all_expense called with 2024-08-28
2025-09-22 22:31:16,277 - db_helper - INFO - fetch_all_expense called with 2024-08-28
2025-09-22 22:31:16,324 - db_helper - INFO - fetch_all_expense called with 2024-08-01
2025-09-22 22:31:16,547 - db_helper - INFO - fetch_all_expense called with 2024-08-01
2025-09-22 22:31:33,088 - db_helper - INFO - fetch_all_expense called with 2024-08-01
2025-09-22 22:31:33,104 - db_helper - INFO - fetch_all_expense called with 2024-08-28
2025-09-22 22:31:33,128 - db_helper - INFO - fetch_all_expense called with 2024-08-01
2025-09-22 22:31:33,262 - db_helper - INFO - fetch_all_expense called with 2024-08-01
2025-09-22 22:31:42,795 - db_helper - INFO - fetch_all_expense called with 2024-08-01
2025-09-22 22:31:42,808 - db_helper - INFO - fetch_all_expense called with 2024-08-28
2025-09-22 22:31:42,843 - db_helper - INFO - fetch_all_expense called with 2024-08-01
2025-09-22 22:31:42,964 - db_helper - INFO - fetch_all_expense called with 2024-08-01
2025-09-22 22:31:42,994 - db_helper - INFO - delete_individual_expense called with expense_id:85
2025-09-22 22:31:46,996 - db_helper - INFO - fetch_all_expense called with 2024-08-01
2025-09-22 22:31:47,012 - db_helper - INFO - fetch_all_expense called with 2024-08-28
2025-09-22 22:31:47,043 - db_helper - INFO - fetch_all_expense called with 2024-08-01
2025-09-22 22:31:47,170 - db_helper - INFO - fetch_all_expense called with 2024-08-01
2025-09-22 22:31:47,198 - db_helper - INFO - delete_individual_expense called with expense_id:84
2025-09-22 22:32:19,866 - db_helper - INFO - fetch_all_expense called with 2024-08-01
2025-09-22 22:32:19,882 - db_helper - INFO - fetch_all_expense called with 2024-08-28
2025-09-22 22:32:19,909 - db_helper - INFO - fetch_all_expense called with 2024-08-01
2025-09-22 22:32:19,970 - db_helper - INFO - fetch_all_expense called with 2024-08-01
2025-09-23 09:40:09,849 - db_helper - INFO - expense_summary from start_date:2024-08-01 and end_date:2024-08-05
2025-09-23 09:42:29,246 - db_helper - INFO - expense_summary from start_date:2024-08-01 and end_date:2024-08-05
2025-09-23 09:42:45,853 - db_helper - INFO - expense_summary from start_date:2024-08-01 and end_date:2024-08-05
2025-09-23 09:43:42,295 - db_helper - INFO - expense_summary from start_date:2024-08-01 and end_date:2024-08-05
2025-09-23 09:44:44,649 - db_helper - INFO - expense_summary from start_date:2024-08-01 and end_date:2024-08-05
2025-09-23 18:03:11,780 - db_helper - INFO - expense_summary from start_date:2024-08-01 and end_date:2024-08-05
2025-09-23 18:03:59,910 - db_helper - INFO - expense_summary from start_date:2024-08-01 and end_date:2024-08-05
2025-09-23 18:13:45,012 - db_helper - INFO - expense_summary from start_date:2024-08-01 and end_date:2024-08-05
2025-09-23 18:16:22,103 - db_helper - INFO - expense_summary from start_date:2024-08-01 and end_date:2024-08-05
2025-09-23 18:21:16,692 - db_helper - INFO - expense_summary from start_date:2024-08-01 and end_date:2024-08-05
2025-09-23 18:39:43,431 - db_helper - INFO - fetch_all_expense called with 2024-08-01
2025-09-23 18:39:43,890 - db_helper - INFO - fetch_all_expense called with 2024-08-01
2025-09-23 18:39:44,005 - db_helper - INFO - fetch_all_expense called with 2024-08-01
2025-09-23 18:39:53,447 - db_helper - INFO - fetch_all_expense called with 2024-08-01
2025-09-23 18:39:53,519 - db_helper - INFO - fetch_all_expense called with 2024-08-01
2025-09-23 18:39:53,669 - db_helper - INFO - fetch_all_expense called with 2024-08-01
2025-09-23 18:39:56,346 - db_helper - INFO - fetch_all_expense called with 2024-08-01
2025-09-23 18:39:56,429 - db_helper - INFO - fetch_all_expense called with 2024-08-01
2025-09-23 18:39:56,585 - db_helper - INFO - fetch_all_expense called with 2024-08-01
2025-09-23 18:40:12,530 - db_helper - INFO - fetch_all_expense called with 2024-08-01
2025-09-23 18:40:12,609 - db_helper - INFO - insert_expense called with expense_date:2024-08-28,amount:35.0,category:Food,notes:Ate pani puri
2025-09-23 18:40:12,696 - db_helper - INFO - fetch_all_expense called with 2024-08-01
2025-09-23 18:40:12,854 - db_helper - INFO - fetch_all_expense called with 2024-08-01
2025-09-23 18:40:22,119 - db_helper - INFO - fetch_all_expense called with 2024-08-28
2025-09-23 18:40:22,203 - db_helper - INFO - fetch_all_expense called with 2024-08-01
2025-09-23 18:40:22,354 - db_helper - INFO - fetch_all_expense called with 2024-08-01
2025-09-23 18:57:27,457 - db_helper - INFO - fetch_all_expense called with 2024-08-28
2025-09-23 18:57:27,526 - db_helper - INFO - fetch_all_expense called with 2024-08-01
2025-09-23 18:57:27,604 - db_helper - INFO - fetch_all_expense called with 2024-08-01
2025-09-23 19:08:21,925 - db_helper - INFO - fetch_all_expense called with 2024-08-28
2025-09-23 19:08:21,964 - db_helper - INFO - fetch_all_expense called with 2024-08-01
2025-09-23 19:08:22,029 - db_helper - INFO - fetch_all_expense called with 2024-08-01
2025-09-23 19:24:33,004 - db_helper - INFO - fetch_all_expense called with 2024-08-28
2025-09-23 19:24:33,045 - db_helper - INFO - fetch_all_expense called with 2024-08-01
2025-09-23 19:24:33,121 - db_helper - INFO - fetch_all_expense called with 2024-08-01
2025-09-23 19:24:35,670 - db_helper - INFO - fetch_all_expense called with 2024-08-28
2025-09-23 19:24:35,706 - db_helper - INFO - fetch_all_expense called with 2024-08-01
2025-09-23 19:24:35,767 - db_helper - INFO - fetch_all_expense called with 2024-08-01
2025-09-23 19:24:35,828 - db_helper - INFO - expense_summary from start_date:2024-08-01 and end_date:2024-08-05
2025-09-23 19:26:51,091 - db_helper - INFO - fetch_all_expense called with 2024-08-28
2025-09-23 19:26:51,162 - db_helper - INFO - fetch_all_expense called with 2024-08-01
2025-09-23 19:26:51,266 - db_helper - INFO - fetch_all_expense called with 2024-08-01
2025-09-23 19:26:54,227 - db_helper - INFO - fetch_all_expense called with 2024-08-28
2025-09-23 19:26:54,268 - db_helper - INFO - fetch_all_expense called with 2024-08-01
2025-09-23 19:26:54,343 - db_helper - INFO - fetch_all_expense called with 2024-08-01
2025-09-23 19:26:54,398 - db_helper - INFO - expense_summary from start_date:2024-08-01 and end_date:2024-08-05
2025-09-23 19:30:01,299 - db_helper - INFO - fetch_all_expense called with 2024-08-28
2025-09-23 19:30:01,339 - db_helper - INFO - fetch_all_expense called with 2024-08-01
2025-09-23 19:30:01,399 - db_helper - INFO - fetch_all_expense called with 2024-08-01
2025-09-23 19:30:04,670 - db_helper - INFO - fetch_all_expense called with 2024-08-28
2025-09-23 19:30:04,726 - db_helper - INFO - fetch_all_expense called with 2024-08-01
2025-09-23 19:30:04,809 - db_helper - INFO - fetch_all_expense called with 2024-08-01
2025-09-23 19:30:04,865 - db_helper - INFO - expense_summary from start_date:2024-08-01 and end_date:2024-08-05
2025-09-23 19:58:53,131 - db_helper - INFO - monthly_summary 
2025-09-23 20:01:46,319 - db_helper - INFO - monthly_summary 
2025-09-23 20:02:05,490 - db_helper - INFO - monthly_summary 
2025-09-23 20:11:42,791 - db_helper - INFO - monthly_summary 
2025-09-23 20:15:18,840 - db_helper - INFO - fetch_all_expense called with 2024-08-01
2025-09-23 20:15:18,892 - db_helper - INFO - fetch_all_expense called with 2024-08-01
2025-09-23 20:15:18,968 - db_helper - INFO - fetch_all_expense called with 2024-08-01
2025-09-23 20:15:19,001 - db_helper - INFO - monthly_summary 
2025-09-23 20:15:35,919 - db_helper - INFO - fetch_all_expense called with 2024-08-01
2025-09-23 20:15:35,965 - db_helper - INFO - fetch_all_expense called with 2024-08-01
2025-09-23 20:15:36,037 - db_helper - INFO - fetch_all_expense called with 2024-08-01
2025-09-23 20:15:36,082 - db_helper - INFO - expense_summary from start_date:2024-08-01 and end_date:2024-08-05
2025-09-23 20:15:36,877 - db_helper - INFO - monthly_summary 
2025-09-23 20:16:23,787 - db_helper - INFO - fetch_all_expense called with 2024-08-01
2025-09-23 20:16:23,830 - db_helper - INFO - fetch_all_expense called with 2024-08-01
2025-09-23 20:16:23,914 - db_helper - INFO - fetch_all_expense called with 2024-08-01
2025-09-23 20:16:23,958 - db_helper - INFO - monthly_summary 
2025-09-23 20:16:25,984 - db_helper - INFO - fetch_all_expense called with 2024-08-01
2025-09-23 20:16:26,027 - db_helper - INFO - fetch_all_expense called with 2024-08-01
2025-09-23 20:16:26,109 - db_helper - INFO - fetch_all_expense called with 2024-08-01
2025-09-23 20:16:26,165 - db_helper - INFO - expense_summary from start_date:2024-08-01 and end_date:2024-08-05
2025-09-23 20:16:26,217 - db_helper - INFO - monthly_summary 
2025-09-23 20:16:56,022 - db_helper - INFO - fetch_all_expense called with 2024-08-01
2025-09-23 20:16:56,055 - db_helper - INFO - fetch_all_expense called with 2024-08-01
2025-09-23 20:16:56,119 - db_helper - INFO - fetch_all_expense called with 2024-08-01
2025-09-23 20:16:56,145 - db_helper - INFO - monthly_summary 
2025-09-23 20:16:57,679 - db_helper - INFO - fetch_all_expense called with 2024-08-01
2025-09-23 20:16:57,710 - db_helper - INFO - fetch_all_expense called with 2024-08-01
2025-09-23 20:16:57,771 - db_helper - INFO - fetch_all_expense called with 2024-08-01
2025-09-23 20:16:57,803 - db_helper - INFO - expense_summary from start_date:2024-08-01 and end_date:2024-08-05
2025-09-23 20:16:57,837 - db_helper - INFO - monthly_summary 
2025-09-23 20:17:11,936 - db_helper - INFO - fetch_all_expense called with 2024-08-01
2025-09-23 20:17:11,966 - db_helper - INFO - fetch_all_expense called with 2024-08-01
2025-09-23 20:17:12,026 - db_helper - INFO - fetch_all_expense called with 2024-08-01
2025-09-23 20:17:12,059 - db_helper - INFO - monthly_summary 
2025-09-23 20:17:13,390 - db_helper - INFO - fetch_all_expense called with 2024-08-01
2025-09-23 20:17:13,414 - db_helper - INFO - fetch_all_expense called with 2024-08-01
2025-09-23 20:17:13,475 - db_helper - INFO - fetch_all_expense called with 2024-08-01
2025-09-23 20:17:13,507 - db_helper - INFO - expense_summary from start_date:2024-08-01 and end_date:2024-08-05
2025-09-23 20:17:13,536 - db_helper - INFO - monthly_summary 
2025-09-23 20:19:02,564 - db_helper - INFO - fetch_all_expense called with 2024-08-01
2025-09-23 20:19:02,593 - db_helper - INFO - fetch_all_expense called with 2024-08-01
2025-09-23 20:19:02,654 - db_helper - INFO - fetch_all_expense called with 2024-08-01
2025-09-23 20:19:02,684 - db_helper - INFO - monthly_summary 
2025-09-23 20:20:21,958 - db_helper - INFO - fetch_all_expense called with 2024-08-01
2025-09-23 20:20:21,989 - db_helper - INFO - fetch_all_expense called with 2024-08-01
2025-09-23 20:20:22,048 - db_helper - INFO - fetch_all_expense called with 2024-08-01
2025-09-23 20:20:22,076 - db_helper - INFO - expense_summary from start_date:2024-08-01 and end_date:2024-08-05
2025-09-23 20:20:22,101 - db_helper - INFO - monthly_summary 
2025-09-23 20:24:49,681 - db_helper - INFO - fetch_all_expense called with 2024-08-01
2025-09-23 20:24:49,712 - db_helper - INFO - fetch_all_expense called with 2024-08-01
2025-09-23 20:24:49,769 - db_helper - INFO - fetch_all_expense called with 2024-08-01
2025-09-23 20:24:49,798 - db_helper - INFO - monthly_summary 
2025-09-23 20:30:42,165 - db_helper - INFO - monthly_summary 
2025-09-23 20:44:33,829 - db_helper - INFO - fetch_all_expense called with 2024-08-01
2025-09-23 20:44:34,034 - db_helper - INFO - fetch_all_expense called with 2024-08-01
2025-09-23 20:44:34,156 - db_helper - INFO - fetch_all_expense called with 2024-08-01
2025-09-23 20:44:34,212 - db_helper - INFO - monthly_summary 
2025-09-23 20:45:27,247 - db_helper - INFO - fetch_all_expense called with 2024-08-01
2025-09-23 20:45:27,281 - db_helper - INFO - fetch_all_expense called with 2024-08-01
2025-09-23 20:45:27,374 - db_helper - INFO - fetch_all_expense called with 2024-08-01
2025-09-23 20:45:27,405 - db_helper - INFO - monthly_summary 
2025-09-23 20:48:03,537 - db_helper - INFO - fetch_all_expense called with 2024-08-01
2025-09-23 20:48:03,575 - db_helper - INFO - fetch_all_expense called with 2024-08-01
2025-09-23 20:48:03,643 - db_helper - INFO - fetch_all_expense called with 2024-08-01
2025-09-23 20:48:03,671 - db_helper - INFO - monthly_summary 
2025-09-23 20:51:44,467 - db_helper - INFO - fetch_all_expense called with 2024-08-01
2025-09-23 20:51:44,507 - db_helper - INFO - fetch_all_expense called with 2024-08-01
2025-09-23 20:51:44,571 - db_helper - INFO - fetch_all_expense called with 2024-08-01
2025-09-23 20:51:44,602 - db_helper - INFO - monthly_summary 
2025-09-23 20:55:44,283 - db_helper - INFO - fetch_all_expense called with 2024-08-01
2025-09-23 20:55:44,319 - db_helper - INFO - fetch_all_expense called with 2024-08-01
2025-09-23 20:55:44,383 - db_helper - INFO - fetch_all_expense called with 2024-08-01
2025-09-23 20:56:39,172 - db_helper - INFO - fetch_all_expense called with 2024-08-01
2025-09-23 20:56:39,202 - db_helper - INFO - fetch_all_expense called with 2024-08-01
2025-09-23 20:56:39,260 - db_helper - INFO - fetch_all_expense called with 2024-08-01
2025-09-23 20:58:15,900 - db_helper - INFO - fetch_all_expense called with 2024-08-01
2025-09-23 20:58:15,937 - db_helper - INFO - fetch_all_expense called with 2024-08-01
2025-09-23 20:58:15,998 - db_helper - INFO - fetch_all_expense called with 2024-08-01
2025-09-23 20:58:16,030 - db_helper - INFO - monthly_summary 
2025-09-23 20:58:40,331 - db_helper - INFO - fetch_all_expense called with 2024-08-01
2025-09-23 20:58:40,379 - db_helper - INFO - fetch_all_expense called with 2024-08-01
2025-09-23 20:58:40,458 - db_helper - INFO - fetch_all_expense called with 2024-08-01
2025-09-23 20:58:40,505 - db_helper - INFO - monthly_summary 
2025-09-23 20:58:43,036 - db_helper - INFO - fetch_all_expense called with 2024-08-01
2025-09-23 20:58:43,070 - db_helper - INFO - fetch_all_expense called with 2024-08-01
2025-09-23 20:58:43,148 - db_helper - INFO - fetch_all_expense called with 2024-08-01
2025-09-23 20:58:43,206 - db_helper - INFO - monthly_summary 
2025-09-23 20:59:05,813 - db_helper - INFO - fetch_all_expense called with 2024-08-01
2025-09-23 20:59:05,853 - db_helper - INFO - fetch_all_expense called with 2024-08-01
2025-09-23 20:59:05,933 - db_helper - INFO - fetch_all_expense called with 2024-08-01
2025-09-23 20:59:05,976 - db_helper - INFO - monthly_summary 
2025-09-23 20:59:06,096 - db_helper - INFO - fetch_all_expense called with 2024-08-01
2025-09-23 20:59:06,139 - db_helper - INFO - fetch_all_expense called with 2024-08-01
2025-09-23 20:59:06,228 - db_helper - INFO - fetch_all_expense called with 2024-08-01
2025-09-23 20:59:06,273 - db_helper - INFO - monthly_summary 
2025-09-23 20:59:12,510 - db_helper - INFO - fetch_all_expense called with 2024-08-01
2025-09-23 20:59:12,557 - db_helper - INFO - fetch_all_expense called with 2024-08-01
2025-09-23 20:59:12,633 - db_helper - INFO - fetch_all_expense called with 2024-08-01
2025-09-23 20:59:12,700 - db_helper - INFO - monthly_summary 
2025-09-23 20:59:17,599 - db_helper - INFO - fetch_all_expense called with 2024-08-01
2025-09-23 20:59:17,643 - db_helper - INFO - fetch_all_expense called with 2024-08-01
2025-09-23 20:59:17,718 - db_helper - INFO - fetch_all_expense called with 2024-08-01
2025-09-23 20:59:17,766 - db_helper - INFO - monthly_summary 
2025-09-23 20:59:19,051 - db_helper - INFO - fetch_all_expense called with 2024-08-01
2025-09-23 20:59:19,083 - db_helper - INFO - fetch_all_expense called with 2024-08-01
2025-09-23 20:59:19,165 - db_helper - INFO - fetch_all_expense called with 2024-08-01
2025-09-23 20:59:19,225 - db_helper - INFO - monthly_summary 
2025-09-23 20:59:33,969 - db_helper - INFO - fetch_all_expense called with 2024-08-01
2025-09-23 20:59:34,019 - db_helper - INFO - fetch_all_expense called with 2024-08-01
2025-09-23 20:59:34,102 - db_helper - INFO - fetch_all_expense called with 2024-08-01
2025-09-23 20:59:34,173 - db_helper - INFO - expense_summary from start_date:2024-08-01 and end_date:2024-08-05
2025-09-23 20:59:34,216 - db_helper - INFO - monthly_summary 
2025-09-23 21:03:42,178 - db_helper - INFO - fetch_all_expense called with 2024-08-01
2025-09-23 21:03:42,212 - db_helper - INFO - fetch_all_expense called with 2024-08-01
2025-09-23 21:03:42,271 - db_helper - INFO - fetch_all_expense called with 2024-08-01
2025-09-23 21:03:42,299 - db_helper - INFO - monthly_summary 
2025-09-23 21:08:53,737 - db_helper - INFO - fetch_all_expense called with 2024-08-01
2025-09-23 21:08:53,771 - db_helper - INFO - fetch_all_expense called with 2024-08-01
2025-09-23 21:08:53,843 - db_helper - INFO - fetch_all_expense called with 2024-08-01
2025-09-23 21:08:53,872 - db_helper - INFO - monthly_summary 
2025-09-23 21:09:15,870 - db_helper - INFO - fetch_all_expense called with 2024-08-01
2025-09-23 21:09:15,904 - db_helper - INFO - fetch_all_expense called with 2024-08-01
2025-09-23 21:09:15,965 - db_helper - INFO - fetch_all_expense called with 2024-08-01
2025-09-23 21:09:16,002 - db_helper - INFO - monthly_summary 
2025-09-23 21:09:24,590 - db_helper - INFO - fetch_all_expense called with 2024-08-01
2025-09-23 21:09:24,634 - db_helper - INFO - fetch_all_expense called with 2024-08-01
2025-09-23 21:09:24,701 - db_helper - INFO - fetch_all_expense called with 2024-08-01
2025-09-23 21:09:24,744 - db_helper - INFO - expense_summary from start_date:2024-08-01 and end_date:2024-08-05
2025-09-23 21:09:24,787 - db_helper - INFO - monthly_summary 
2025-09-23 21:10:37,411 - db_helper - INFO - fetch_all_expense called with 2024-08-01
2025-09-23 21:10:37,451 - db_helper - INFO - fetch_all_expense called with 2024-08-01
2025-09-23 21:10:37,511 - db_helper - INFO - fetch_all_expense called with 2024-08-01
2025-09-23 21:10:37,545 - db_helper - INFO - monthly_summary 
2025-09-23 21:11:08,247 - db_helper - INFO - fetch_all_expense called with 2024-08-01
2025-09-23 21:11:08,280 - db_helper - INFO - fetch_all_expense called with 2024-08-01
2025-09-23 21:11:08,341 - db_helper - INFO - fetch_all_expense called with 2024-08-01
2025-09-23 21:11:08,388 - db_helper - INFO - monthly_summary 
2025-09-23 21:11:43,615 - db_helper - INFO - fetch_all_expense called with 2024-08-01
2025-09-23 21:11:43,660 - db_helper - INFO - fetch_all_expense called with 2024-08-01
2025-09-23 21:11:43,750 - db_helper - INFO - fetch_all_expense called with 2024-08-01
2025-09-23 21:11:43,804 - db_helper - INFO - monthly_summary 
2025-09-23 21:12:23,200 - db_helper - INFO - fetch_all_expense called with 2024-08-01
2025-09-23 21:12:23,230 - db_helper - INFO - fetch_all_expense called with 2024-08-01
2025-09-23 21:12:23,298 - db_helper - INFO - fetch_all_expense called with 2024-08-01
2025-09-23 21:12:23,336 - db_helper - INFO - monthly_summary 
2025-09-23 21:22:53,670 - db_helper - INFO - fetch_all_expense called with 2024-08-01
2025-09-23 21:22:53,729 - db_helper - INFO - fetch_all_expense called with 2024-08-01
2025-09-23 21:22:53,799 - db_helper - INFO - fetch_all_expense called with 2024-08-01
2025-09-23 21:22:53,843 - db_helper - INFO - monthly_summary 
2025-09-23 21:26:47,936 - db_helper - INFO - fetch_all_expense called with 2024-08-01
2025-09-23 21:26:48,035 - db_helper - INFO - fetch_all_expense called with 2024-08-01
2025-09-23 21:26:48,128 - db_helper - INFO - fetch_all_expense called with 2024-08-01
2025-09-23 21:26:48,177 - db_helper - INFO - monthly_summary 
2025-09-23 21:28:24,421 - db_helper - INFO - fetch_all_expense called with 2024-08-01
2025-09-23 21:28:24,468 - db_helper - INFO - fetch_all_expense called with 2024-08-01
2025-09-23 21:28:24,569 - db_helper - INFO - fetch_all_expense called with 2024-08-01
2025-09-23 21:28:24,638 - db_helper - INFO - monthly_summary 
2025-09-23 21:32:24,627 - db_helper - INFO - fetch_all_expense called with 2024-08-01
2025-09-23 21:32:24,664 - db_helper - INFO - fetch_all_expense called with 2024-08-01
2025-09-23 21:32:24,734 - db_helper - INFO - fetch_all_expense called with 2024-08-01
2025-09-23 21:32:24,773 - db_helper - INFO - monthly_summary 
2025-09-23 21:34:59,093 - db_helper - INFO - fetch_all_expense called with 2024-08-01
2025-09-23 21:34:59,144 - db_helper - INFO - fetch_all_expense called with 2024-08-01
2025-09-23 21:34:59,244 - db_helper - INFO - fetch_all_expense called with 2024-08-01
2025-09-23 21:34:59,303 - db_helper - INFO - monthly_summary 
2025-09-23 21:36:15,185 - db_helper - INFO - fetch_all_expense called with 2024-08-01
2025-09-23 21:36:15,215 - db_helper - INFO - fetch_all_expense called with 2024-08-01
2025-09-23 21:36:15,276 - db_helper - INFO - fetch_all_expense called with 2024-08-01
2025-09-23 21:36:15,318 - db_helper - INFO - monthly_summary 
2025-09-23 21:36:35,719 - db_helper - INFO - fetch_all_expense called with 2024-08-01
2025-09-23 21:36:35,757 - db_helper - INFO - fetch_all_expense called with 2024-08-01
2025-09-23 21:36:35,836 - db_helper - INFO - fetch_all_expense called with 2024-08-01
2025-09-23 21:36:35,889 - db_helper - INFO - expense_summary from start_date:2024-08-01 and end_date:2024-08-05
2025-09-23 21:36:35,922 - db_helper - INFO - monthly_summary 
2025-09-23 21:39:49,698 - db_helper - INFO - fetch_all_expense called with 2024-08-01
2025-09-23 21:39:49,731 - db_helper - INFO - fetch_all_expense called with 2024-08-01
2025-09-23 21:39:49,785 - db_helper - INFO - fetch_all_expense called with 2024-08-01
2025-09-23 21:39:49,823 - db_helper - INFO - monthly_summary 
2025-09-23 21:41:07,445 - db_helper - INFO - fetch_all_expense called with 2024-08-01
2025-09-23 21:41:07,479 - db_helper - INFO - fetch_all_expense called with 2024-08-01
2025-09-23 21:41:07,568 - db_helper - INFO - fetch_all_expense called with 2024-08-01
2025-09-23 21:41:07,608 - db_helper - INFO - monthly_summary 
2025-09-23 21:41:16,598 - db_helper - INFO - fetch_all_expense called with 2024-08-01
2025-09-23 21:41:16,648 - db_helper - INFO - fetch_all_expense called with 2024-08-01
2025-09-23 21:41:16,725 - db_helper - INFO - fetch_all_expense called with 2024-08-01
2025-09-23 21:41:16,770 - db_helper - INFO - expense_summary from start_date:2024-08-01 and end_date:2024-08-05
2025-09-23 21:41:16,804 - db_helper - INFO - monthly_summary 
2025-09-23 21:42:41,871 - db_helper - INFO - fetch_all_expense called with 2024-08-01
2025-09-23 21:42:41,904 - db_helper - INFO - fetch_all_expense called with 2024-08-01
2025-09-23 21:42:41,982 - db_helper - INFO - fetch_all_expense called with 2024-08-01
2025-09-23 21:42:42,017 - db_helper - INFO - monthly_summary 
2025-09-23 21:43:38,610 - db_helper - INFO - fetch_all_expense called with 2024-08-01
2025-09-23 21:43:38,644 - db_helper - INFO - fetch_all_expense called with 2024-08-01
2025-09-23 21:43:38,718 - db_helper - INFO - fetch_all_expense called with 2024-08-01
2025-09-23 21:43:38,754 - db_helper - INFO - monthly_summary 
2025-09-23 21:45:01,186 - db_helper - INFO - fetch_all_expense called with 2024-08-01
2025-09-23 21:45:01,224 - db_helper - INFO - fetch_all_expense called with 2024-08-01
2025-09-23 21:45:01,304 - db_helper - INFO - fetch_all_expense called with 2024-08-01
2025-09-23 21:45:01,342 - db_helper - INFO - monthly_summary 
2025-09-23 21:45:19,906 - db_helper - INFO - fetch_all_expense called with 2024-08-01
2025-09-23 21:45:19,940 - db_helper - INFO - fetch_all_expense called with 2024-08-01
2025-09-23 21:45:20,014 - db_helper - INFO - fetch_all_expense called with 2024-08-01
2025-09-23 21:45:20,045 - db_helper - INFO - monthly_summary 
2025-09-23 21:46:22,655 - db_helper - INFO - fetch_all_expense called with 2024-08-01
2025-09-23 21:46:22,692 - db_helper - INFO - fetch_all_expense called with 2024-08-01
2025-09-23 21:46:22,769 - db_helper - INFO - fetch_all_expense called with 2024-08-01
2025-09-23 21:46:22,803 - db_helper - INFO - monthly_summary 
2025-09-23 21:47:11,143 - db_helper - INFO - fetch_all_expense called with 2024-08-01
2025-09-23 21:47:11,180 - db_helper - INFO - fetch_all_expense called with 2024-08-01
2025-09-23 21:47:11,236 - db_helper - INFO - fetch_all_expense called with 2024-08-01
2025-09-23 21:47:11,271 - db_helper - INFO - monthly_summary 
2025-09-23 21:47:35,776 - db_helper - INFO - fetch_all_expense called with 2024-08-01
2025-09-23 21:47:35,813 - db_helper - INFO - fetch_all_expense called with 2024-08-01
2025-09-23 21:47:35,877 - db_helper - INFO - fetch_all_expense called with 2024-08-01
2025-09-23 21:47:35,907 - db_helper - INFO - monthly_summary 
2025-09-23 21:47:41,436 - db_helper - INFO - fetch_all_expense called with 2024-08-01
2025-09-23 21:47:41,484 - db_helper - INFO - fetch_all_expense called with 2024-08-01
2025-09-23 21:47:41,567 - db_helper - INFO - fetch_all_expense called with 2024-08-01
2025-09-23 21:47:41,636 - db_helper - INFO - expense_summary from start_date:2024-08-01 and end_date:2024-08-05
2025-09-23 21:47:41,693 - db_helper - INFO - monthly_summary 
2025-09-23 21:48:04,360 - db_helper - INFO - fetch_all_expense called with 2024-08-01
2025-09-23 21:48:04,391 - db_helper - INFO - fetch_all_expense called with 2024-08-01
2025-09-23 21:48:04,454 - db_helper - INFO - fetch_all_expense called with 2024-08-01
2025-09-23 21:48:04,482 - db_helper - INFO - monthly_summary 
2025-09-23 21:48:30,659 - db_helper - INFO - fetch_all_expense called with 2024-08-01
2025-09-23 21:48:30,690 - db_helper - INFO - fetch_all_expense called with 2024-08-01
2025-09-23 21:48:30,750 - db_helper - INFO - fetch_all_expense called with 2024-08-01
2025-09-23 21:48:30,782 - db_helper - INFO - monthly_summary 
2025-09-23 21:48:45,815 - db_helper - INFO - fetch_all_expense called with 2024-08-01
2025-09-23 21:48:45,847 - db_helper - INFO - fetch_all_expense called with 2024-08-01
2025-09-23 21:48:45,900 - db_helper - INFO - fetch_all_expense called with 2024-08-01
2025-09-23 21:48:45,931 - db_helper - INFO - monthly_summary 
2025-09-23 21:49:37,237 - db_helper - INFO - fetch_all_expense called with 2024-08-01
2025-09-23 21:49:37,325 - db_helper - INFO - fetch_all_expense called with 2024-08-01
2025-09-23 21:49:37,466 - db_helper - INFO - fetch_all_expense called with 2024-08-01
2025-09-23 21:49:37,550 - db_helper - INFO - monthly_summary 
2025-09-23 21:49:43,655 - db_helper - INFO - fetch_all_expense called with 2024-08-01
2025-09-23 21:49:43,728 - db_helper - INFO - fetch_all_expense called with 2024-08-01
2025-09-23 21:49:43,872 - db_helper - INFO - fetch_all_expense called with 2024-08-01
2025-09-23 21:49:43,961 - db_helper - INFO - expense_summary from start_date:2024-08-01 and end_date:2024-08-05
2025-09-23 21:49:44,025 - db_helper - INFO - monthly_summary 
2025-09-23 21:49:56,855 - db_helper - INFO - fetch_all_expense called with 2024-08-01
2025-09-23 21:49:56,931 - db_helper - INFO - fetch_all_expense called with 2024-08-01
2025-09-23 21:49:57,076 - db_helper - INFO - fetch_all_expense called with 2024-08-01
2025-09-23 21:49:57,158 - db_helper - INFO - monthly_summary 
2025-09-23 21:50:19,767 - db_helper - INFO - fetch_all_expense called with 2024-08-01
2025-09-23 21:50:19,831 - db_helper - INFO - fetch_all_expense called with 2024-08-01
2025-09-23 21:50:19,981 - db_helper - INFO - fetch_all_expense called with 2024-08-01
2025-09-23 21:50:20,080 - db_helper - INFO - monthly_summary 
2025-09-23 21:50:37,046 - db_helper - INFO - fetch_all_expense called with 2024-08-01
2025-09-23 21:50:37,134 - db_helper - INFO - fetch_all_expense called with 2024-08-01
2025-09-23 21:50:37,279 - db_helper - INFO - fetch_all_expense called with 2024-08-01
2025-09-23 21:50:37,369 - db_helper - INFO - monthly_summary 
2025-09-23 21:50:57,300 - db_helper - INFO - fetch_all_expense called with 2024-08-01
2025-09-23 21:50:57,381 - db_helper - INFO - fetch_all_expense called with 2024-08-01
2025-09-23 21:50:57,525 - db_helper - INFO - fetch_all_expense called with 2024-08-01
2025-09-23 21:50:57,613 - db_helper - INFO - monthly_summary 
2025-09-23 21:51:06,785 - db_helper - INFO - fetch_all_expense called with 2024-08-01
2025-09-23 21:51:06,869 - db_helper - INFO - fetch_all_expense called with 2024-08-01
2025-09-23 21:51:07,011 - db_helper - INFO - fetch_all_expense called with 2024-08-01
2025-09-23 21:51:07,103 - db_helper - INFO - monthly_summary 
2025-09-23 21:51:10,716 - db_helper - INFO - fetch_all_expense called with 2024-08-01
2025-09-23 21:51:10,773 - db_helper - INFO - fetch_all_expense called with 2024-08-01
2025-09-23 21:51:10,915 - db_helper - INFO - fetch_all_expense called with 2024-08-01
2025-09-23 21:51:10,994 - db_helper - INFO - expense_summary from start_date:2024-08-01 and end_date:2024-08-05
2025-09-23 21:51:11,062 - db_helper - INFO - monthly_summary 
2025-09-23 21:51:23,994 - db_helper - INFO - fetch_all_expense called with 2024-08-01
2025-09-23 21:51:24,072 - db_helper - INFO - fetch_all_expense called with 2024-08-01
2025-09-23 21:51:24,229 - db_helper - INFO - fetch_all_expense called with 2024-08-01
2025-09-23 21:51:24,310 - db_helper - INFO - monthly_summary 
2025-09-23 21:51:26,606 - db_helper - INFO - fetch_all_expense called with 2024-08-01
2025-09-23 21:51:26,662 - db_helper - INFO - fetch_all_expense called with 2024-08-01
2025-09-23 21:51:26,806 - db_helper - INFO - fetch_all_expense called with 2024-08-01
2025-09-23 21:51:26,888 - db_helper - INFO - expense_summary from start_date:2024-08-01 and end_date:2024-08-05
2025-09-23 21:51:26,957 - db_helper - INFO - monthly_summary 
2025-09-23 21:51:58,821 - db_helper - INFO - fetch_all_expense called with 2024-08-01
2025-09-23 21:51:58,916 - db_helper - INFO - fetch_all_expense called with 2024-08-01
2025-09-23 21:51:59,057 - db_helper - INFO - fetch_all_expense called with 2024-08-01
2025-09-23 21:51:59,141 - db_helper - INFO - monthly_summary 
2025-09-23 21:52:33,961 - db_helper - INFO - fetch_all_expense called with 2024-08-01
2025-09-23 21:52:34,008 - db_helper - INFO - fetch_all_expense called with 2024-08-01
2025-09-23 21:52:34,152 - db_helper - INFO - fetch_all_expense called with 2024-08-01
2025-09-23 21:52:34,230 - db_helper - INFO - expense_summary from start_date:2024-08-01 and end_date:2024-08-05
2025-09-23 21:52:34,298 - db_helper - INFO - monthly_summary 
2025-09-24 10:22:07,835 - db_helper - INFO - fetch_all_expense called with 2024-08-01
2025-09-24 10:22:08,490 - db_helper - INFO - fetch_all_expense called with 2024-08-01
2025-09-24 10:22:08,594 - db_helper - INFO - fetch_all_expense called with 2024-08-01
2025-09-24 10:22:08,644 - db_helper - INFO - monthly_summary 
2025-09-24 10:22:33,382 - db_helper - INFO - fetch_all_expense called with 2024-08-01
2025-09-24 10:22:33,453 - db_helper - INFO - fetch_all_expense called with 2024-08-01
2025-09-24 10:22:33,595 - db_helper - INFO - fetch_all_expense called with 2024-08-01
2025-09-24 10:22:33,701 - db_helper - INFO - monthly_summary 
2025-09-24 10:22:44,615 - db_helper - INFO - fetch_all_expense called with 2024-08-01
2025-09-24 10:22:44,688 - db_helper - INFO - fetch_all_expense called with 2024-08-01
2025-09-24 10:22:44,848 - db_helper - INFO - fetch_all_expense called with 2024-08-01
2025-09-24 10:22:44,937 - db_helper - INFO - monthly_summary 
2025-09-24 10:23:29,945 - db_helper - INFO - fetch_all_expense called with 2024-08-01
2025-09-24 10:23:30,024 - db_helper - INFO - insert_expense called with expense_date:2025-08-28,amount:200.0,category:Shopping,notes:Brought earrings
2025-09-24 10:23:30,069 - db_helper - INFO - fetch_all_expense called with 2024-08-01
2025-09-24 10:23:30,228 - db_helper - INFO - fetch_all_expense called with 2024-08-01
2025-09-24 10:23:30,337 - db_helper - INFO - monthly_summary 
2025-09-24 10:24:01,766 - db_helper - INFO - fetch_all_expense called with 2024-08-01
2025-09-24 10:24:01,854 - db_helper - INFO - fetch_all_expense called with 2024-08-01
2025-09-24 10:24:02,073 - db_helper - INFO - fetch_all_expense called with 2024-08-01
2025-09-24 10:24:02,163 - db_helper - INFO - fetch_all_expense called with 2024-08-01
2025-09-24 10:24:02,295 - db_helper - INFO - update_for_date_expense called with expense_date:2024-08-01
2025-09-24 10:24:02,362 - db_helper - INFO - fetch_all_expense called with 2024-08-01
2025-09-24 10:24:02,449 - db_helper - INFO - monthly_summary 
2025-09-24 10:24:45,441 - db_helper - INFO - fetch_all_expense called with 2024-08-01
2025-09-24 10:24:45,520 - db_helper - INFO - fetch_all_expense called with 2024-08-01
2025-09-24 10:24:45,671 - db_helper - INFO - fetch_all_expense called with 2025-08-28
2025-09-24 10:24:45,754 - db_helper - INFO - monthly_summary 
2025-09-24 10:25:01,230 - db_helper - INFO - fetch_all_expense called with 2024-08-01
2025-09-24 10:25:01,327 - db_helper - INFO - fetch_all_expense called with 2024-08-01
2025-09-24 10:25:01,503 - db_helper - INFO - fetch_all_expense called with 2025-08-28
2025-09-24 10:25:01,563 - db_helper - INFO - delete_individual_expense called with expense_id:96
2025-09-24 10:25:01,626 - db_helper - INFO - monthly_summary 
2025-09-24 10:25:09,694 - db_helper - INFO - fetch_all_expense called with 2024-08-01
2025-09-24 10:25:09,767 - db_helper - INFO - fetch_all_expense called with 2024-08-01
2025-09-24 10:25:09,910 - db_helper - INFO - fetch_all_expense called with 2025-08-28
2025-09-24 10:25:09,971 - db_helper - INFO - expense_summary from start_date:2024-08-01 and end_date:2024-08-05
2025-09-24 10:25:10,040 - db_helper - INFO - monthly_summary 
2025-09-24 10:25:11,736 - db_helper - INFO - fetch_all_expense called with 2024-08-01
2025-09-24 10:25:11,802 - db_helper - INFO - fetch_all_expense called with 2024-08-01
2025-09-24 10:25:11,955 - db_helper - INFO - fetch_all_expense called with 2025-08-28
2025-09-24 10:25:12,006 - db_helper - INFO - expense_summary from start_date:2024-08-01 and end_date:2024-08-05
2025-09-24 10:25:12,078 - db_helper - INFO - monthly_summary 
2025-09-24 10:25:13,080 - db_helper - INFO - fetch_all_expense called with 2024-08-01
2025-09-24 10:25:13,154 - db_helper - INFO - fetch_all_expense called with 2024-08-01
2025-09-24 10:25:13,304 - db_helper - INFO - fetch_all_expense called with 2025-08-28
2025-09-24 10:25:13,362 - db_helper - INFO - expense_summary from start_date:2024-08-01 and end_date:2024-08-05
2025-09-24 10:25:13,437 - db_helper - INFO - monthly_summary 
2025-09-24 10:25:20,912 - db_helper - INFO - fetch_all_expense called with 2024-08-01
2025-09-24 10:25:20,981 - db_helper - INFO - fetch_all_expense called with 2024-08-01
2025-09-24 10:25:21,126 - db_helper - INFO - fetch_all_expense called with 2024-08-01
2025-09-24 10:25:21,235 - db_helper - INFO - monthly_summary 
2025-09-24 10:25:31,209 - db_helper - INFO - fetch_all_expense called with 2024-08-01
2025-09-24 10:25:31,297 - db_helper - INFO - fetch_all_expense called with 2024-08-01
2025-09-24 10:25:31,446 - db_helper - INFO - fetch_all_expense called with 2024-08-01
2025-09-24 10:25:31,536 - db_helper - INFO - expense_summary from start_date:2024-08-01 and end_date:2024-08-05
2025-09-24 10:25:31,601 - db_helper - INFO - monthly_summary 
